<?xml version="1.0" encoding="UTF-8"?>
<!-- Generated by org.testng.reporters.JUnitReportReporter -->
<testsuite hostname="Nemi" failures="0" tests="1" name="computer.TC_DWS_010" time="2.782" errors="0" timestamp="2025-05-12T23:00:48 IST" skipped="0">
  <testcase classname="computer.TC_DWS_010" name="clickonComputers" time="2.782">
    <system-out>
      <![CDATA[Computer page is displayed]]>
    </system-out>
  </testcase> <!-- clickonComputers -->
  <system-out>
    <![CDATA[Computer page is displayed]]>
  </system-out>
</testsuite> <!-- computer.TC_DWS_010 -->
